Started at Sat Dec 03 12:28:10 UTC 2022
Processing Build deploy
Offering Build deploy to Project Build Discarder
Processing buildanddeploy
Offering buildanddeploy to Project Build Discarder
Processing number_building
Offering number_building to Project Build Discarder
Processing present_deploy
Offering present_deploy to Project Build Discarder
Finished at Sat Dec 03 12:28:10 UTC 2022. 36ms
Started at Sat Dec 03 13:28:10 UTC 2022
Processing Build deploy
Offering Build deploy to Project Build Discarder
Processing buildanddeploy
Offering buildanddeploy to Project Build Discarder
Processing number_building
Offering number_building to Project Build Discarder
Processing present_deploy
Offering present_deploy to Project Build Discarder
Finished at Sat Dec 03 13:28:10 UTC 2022. 31ms
Started at Sat Dec 03 14:28:10 UTC 2022
Processing Build deploy
Offering Build deploy to Project Build Discarder
Processing buildanddeploy
Offering buildanddeploy to Project Build Discarder
Processing jenki_job
Offering jenki_job to Project Build Discarder
Processing number_building
Offering number_building to Project Build Discarder
Processing present_deploy
Offering present_deploy to Project Build Discarder
Finished at Sat Dec 03 14:28:10 UTC 2022. 6ms
